Arguments: 
  /Users/andrew/.nvm/versions/node/v16.14.0/bin/node /usr/local/bin/yarn add build.sh db.sqlite3 example home manage.py notes

PATH: 
  /Users/andrew/flutter_dev/flutter/bin:/Users/andrew/.nvm/versions/node/v16.14.0/bin:/Library/Frameworks/Python.framework/Versions/3.10/bin:/usr/local/bin:/usr/bin:/bin:/usr/sbin:/sbin:/Library/Apple/usr/bin:/Users/andrew/flutter_dev/flutter/bin:/Users/andrew/.nvm/versions/node/v16.14.0/bin:/Library/Frameworks/Python.framework/Versions/3.10/bin:/usr/local/mysql/bin/:/usr/local/mysql/bin/

Yarn version: 
  1.22.17

Node version: 
  16.14.0

Platform: 
  darwin x64

Trace: 
  Error: https://registry.yarnpkg.com/manage.py: Not found
      at Request.params.callback [as _callback] (/usr/local/lib/node_modules/yarn/lib/cli.js:67029:18)
      at Request.self.callback (/usr/local/lib/node_modules/yarn/lib/cli.js:140883:22)
      at Request.emit (node:events:520:28)
      at Request.<anonymous> (/usr/local/lib/node_modules/yarn/lib/cli.js:141855:10)
      at Request.emit (node:events:520:28)
      at IncomingMessage.<anonymous> (/usr/local/lib/node_modules/yarn/lib/cli.js:141777:12)
      at Object.onceWrapper (node:events:639:28)
      at IncomingMessage.emit (node:events:532:35)
      at endReadableNT (node:internal/streams/readable:1346:12)
      at processTicksAndRejections (node:internal/process/task_queues:83:21)

npm manifest: 
  No manifest

yarn manifest: 
  No manifest

Lockfile: 
  No lockfile
